2024-06-12T17:13:23  feat(engine): skip binary files by sniffing
2024-06-29T12:30:30  fix: handle empty input gracefully
2024-07-16T19:47:37  perf(detect): add a --format json alias
2024-08-04T14:04:44  style(cli): add a JSON schema for output
2024-08-21T09:21:51  feat(output): add pagination to large reports
2024-09-08T16:38:58  chore(docs): make timestamps timezone-aware
2024-09-26T11:55:05  fix: the cake is a lie, but the bug was real
2024-10-13T18:12:12  style(engine): memoize repeated lookups
2024-10-31T13:29:19  build(tests): improve the demo scenario
2024-11-18T08:46:26  chore(detect): add color + severity icons
2024-12-06T15:03:33  refactor(cli): short-circuit on first critical
2024-12-23T10:20:40  fix: handle empty input gracefully
2025-01-10T17:37:47  build(docs): guard against ReDoS in patterns
2025-01-28T12:54:54  chore(cache): add a dry-run flag
2025-02-14T19:11:01  refactor(parser): handle empty and malformed input
2025-03-05T14:28:08  test(tests): load rules lazily for faster startup
2025-03-22T09:45:15  fix: the cake is a lie, but the bug was real
2025-04-09T16:02:22  fix(core): stream large files without buffering
2025-05-15T11:19:29  refactor(report): add a --quiet mode
2025-06-01T18:36:36  test(docs): fix off-by-one in line numbers
2025-06-20T13:53:43  build(scoring): add a fast path for the common case
2025-07-07T08:10:50  fix: handle empty input gracefully
2025-07-24T15:27:57  docs(tests): handle CRLF line endings
2025-08-12T10:44:04  test(scan): reduce false positives on edge cases
2025-08-29T17:01:11  ci(core): tune severity weights
2025-09-16T12:18:18  fix(report): trim whitespace in parsed fields
2025-10-04T19:35:25  fix: the cake is a lie, but the bug was real
2025-10-21T14:52:32  test(scoring): add a regression fixture
2025-11-08T09:09:39  ci(parser): add type hints to the public API
2025-11-26T16:26:46  feat(config): normalize unicode before matching
2025-12-14T11:43:53  docs(scan): cover the multiline case
2025-12-31T18:00:00  fix: handle empty input gracefully
2026-01-18T13:17:07  ci(io): improve error messages with context
2026-02-05T08:34:14  feat(deps): assert exit codes in tests
2026-02-23T15:51:21  docs(scoring): extract the scorer
2026-03-13T10:08:28  perf(rules): support stdin as a source
2026-03-30T17:25:35  fix: the cake is a lie, but the bug was real
2026-04-17T12:42:42  feat(scan): simplify the walker
2026-05-05T19:59:49  chore(fixtures): add --fail-on threshold handling
